# JRE version: OpenJDK Runtime Environment (17.0.6) (build 17.0.6+0-b2043.56-9586694)
# Java VM: OpenJDK 64-Bit Server VM (17.0.6+0-b2043.56-9586694, mixed mode, tiered, compressed oops, compressed class ptrs, g1 gc, windows-amd64)
GC Precious Log:
 CPUs: 4 total, 4 available
 Memory: 8057M
 Large Page Support: Disabled
 NUMA Support: Disabled
 Compressed Oops: Enabled (32-bit)
 Heap Region Size: 1M
 Heap Min Capacity: 8M
 Heap Initial Capacity: 126M
 Heap Max Capacity: 2G
 Pre-touch: Disabled
 Parallel Workers: 4
 Concurrent Workers: 1
 Concurrent Refinement Workers: 4
 Periodic GC: Disabled
Heap:
 garbage-first heap   total 334848K, used 118057K [0x0000000080000000, 0x0000000100000000)
  region size 1024K, 1 young (1024K), 1 survivors (1024K)
 Metaspace       used 140018K, committed 141312K, reserved 1179648K
  class space    used 18229K, committed 18880K, reserved 1048576K
GC Heap History (20 events):
Event: 4044.956 GC heap after
{Heap after GC invocations=116 (full 0):
 garbage-first heap   total 334848K, used 121312K [0x0000000080000000, 0x0000000100000000)
  region size 1024K, 2 young (2048K), 2 survivors (2048K)
 Metaspace       used 139311K, committed 140608K, reserved 1171456K
  class space    used 18223K, committed 18880K, reserved 1048576K
}
Event: 4045.075 GC heap before
{Heap before GC invocations=116 (full 0):
 garbage-first heap   total 334848K, used 138720K [0x0000000080000000, 0x0000000100000000)
  region size 1024K, 21 young (21504K), 2 survivors (2048K)
 Metaspace       used 139317K, committed 140608K, reserved 1171456K
  class space    used 18223K, committed 18880K, reserved 1048576K
}
Event: 4045.079 GC heap after
{Heap after GC invocations=117 (full 0):
 garbage-first heap   total 334848K, used 120951K [0x0000000080000000, 0x0000000100000000)
  region size 1024K, 2 young (2048K), 2 survivors (2048K)
 Metaspace       used 139317K, committed 140608K, reserved 1171456K
  class space    used 18223K, committed 18880K, reserved 1048576K
}
Event: 7012.284 GC heap before
{Heap before GC invocations=118 (full 0):
 garbage-first heap   total 334848K, used 239735K [0x0000000080000000, 0x0000000100000000)
  region size 1024K, 114 young (116736K), 2 survivors (2048K)
 Metaspace       used 139419K, committed 140736K, reserved 1171456K
  class space    used 18223K, committed 18880K, reserved 1048576K
}
Event: 7012.320 GC heap after
{Heap after GC invocations=119 (full 0):
 garbage-first heap   total 334848K, used 128184K [0x0000000080000000, 0x0000000100000000)
  region size 1024K, 15 young (15360K), 15 survivors (15360K)
 Metaspace       used 139419K, committed 140736K, reserved 1171456K
  class space    used 18223K, committed 18880K, reserved 1048576K
}
Event: 7012.325 GC heap before
{Heap before GC invocations=119 (full 0):
 garbage-first heap   total 334848K, used 129208K [0x0000000080000000, 0x0000000100000000)
  region size 1024K, 16 young (16384K), 15 survivors (15360K)
 Metaspace       used 139419K, committed 140736K, reserved 1171456K
  class space    used 18223K, committed 18880K, reserved 1048576K
}
Event: 7012.352 GC heap after
{Heap after GC invocations=120 (full 0):
 garbage-first heap   total 334848K, used 123904K [0x0000000080000000, 0x0000000100000000)
  region size 1024K, 2 young (2048K), 2 survivors (2048K)
 Metaspace       used 139419K, committed 140736K, reserved 1171456K
  class space    used 18223K, committed 18880K, reserved 1048576K
}
Event: 7012.571 GC heap before
{Heap before GC invocations=120 (full 0):
 garbage-first heap   total 334848K, used 156672K [0x0000000080000000, 0x0000000100000000)
  region size 1024K, 36 young (36864K), 2 survivors (2048K)
 Metaspace       used 139419K, committed 140736K, reserved 1171456K
  class space    used 18223K, committed 18880K, reserved 1048576K
}
Event: 7012.585 GC heap after
{Heap after GC invocations=121 (full 0):
 garbage-first heap   total 334848K, used 132035K [0x0000000080000000, 0x0000000100000000)
  region size 1024K, 10 young (10240K), 10 survivors (10240K)
 Metaspace       used 139419K, committed 140736K, reserved 1171456K
  class space    used 18223K, committed 18880K, reserved 1048576K
}
Event: 7019.208 GC heap before
{Heap before GC invocations=122 (full 0):
 garbage-first heap   total 334848K, used 245699K [0x0000000080000000, 0x0000000100000000)
  region size 1024K, 106 young (108544K), 10 survivors (10240K)
 Metaspace       used 139312K, committed 140800K, reserved 1171456K
  class space    used 18160K, committed 18880K, reserved 1048576K
}
Event: 7019.234 GC heap after
{Heap after GC invocations=123 (full 0):
 garbage-first heap   total 334848K, used 141286K [0x0000000080000000, 0x0000000100000000)
  region size 1024K, 14 young (14336K), 14 survivors (14336K)
 Metaspace       used 139312K, committed 140800K, reserved 1171456K
  class space    used 18160K, committed 18880K, reserved 1048576K
}
Event: 7019.265 GC heap before
{Heap before GC invocations=123 (full 0):
 garbage-first heap   total 334848K, used 143334K [0x0000000080000000, 0x0000000100000000)
  region size 1024K, 16 young (16384K), 14 survivors (14336K)
 Metaspace       used 139355K, committed 140864K, reserved 1171456K
  class space    used 18162K, committed 18880K, reserved 1048576K
}
Event: 7019.313 GC heap after
{Heap after GC invocations=124 (full 0):
 garbage-first heap   total 334848K, used 132272K [0x0000000080000000, 0x0000000100000000)
  region size 1024K, 2 young (2048K), 2 survivors (2048K)
 Metaspace       used 139355K, committed 140864K, reserved 1171456K
  class space    used 18162K, committed 18880K, reserved 1048576K
}
Event: 7020.250 GC heap before
{Heap before GC invocations=124 (full 0):
 garbage-first heap   total 334848K, used 155824K [0x0000000080000000, 0x0000000100000000)
  region size 1024K, 27 young (27648K), 2 survivors (2048K)
 Metaspace       used 139683K, committed 140928K, reserved 1171456K
  class space    used 18195K, committed 18880K, reserved 1048576K
}
Event: 7020.256 GC heap after
{Heap after GC invocations=125 (full 0):
 garbage-first heap   total 334848K, used 132053K [0x0000000080000000, 0x0000000100000000)
  region size 1024K, 2 young (2048K), 2 survivors (2048K)
 Metaspace       used 139683K, committed 140928K, reserved 1171456K
  class space    used 18195K, committed 18880K, reserved 1048576K
}
Event: 7039.607 GC heap before
{Heap before GC invocations=126 (full 0):
 garbage-first heap   total 334848K, used 250837K [0x0000000080000000, 0x0000000100000000)
  region size 1024K, 110 young (112640K), 2 survivors (2048K)
 Metaspace       used 140001K, committed 141312K, reserved 1179648K
  class space    used 18229K, committed 18880K, reserved 1048576K
}
Event: 7039.623 GC heap after
{Heap after GC invocations=127 (full 0):
 garbage-first heap   total 334848K, used 136585K [0x0000000080000000, 0x0000000100000000)
  region size 1024K, 11 young (11264K), 11 survivors (11264K)
 Metaspace       used 140001K, committed 141312K, reserved 1179648K
  class space    used 18229K, committed 18880K, reserved 1048576K
}
Event: 7039.695 GC heap before
{Heap before GC invocations=127 (full 0):
 garbage-first heap   total 334848K, used 140681K [0x0000000080000000, 0x0000000100000000)
  region size 1024K, 16 young (16384K), 11 survivors (11264K)
 Metaspace       used 140013K, committed 141312K, reserved 1179648K
  class space    used 18229K, committed 18880K, reserved 1048576K
}
Event: 7039.732 GC heap after
{Heap after GC invocations=128 (full 0):
 garbage-first heap   total 334848K, used 118866K [0x0000000080000000, 0x0000000100000000)
  region size 1024K, 2 young (2048K), 2 survivors (2048K)
 Metaspace       used 140013K, committed 141312K, reserved 1179648K
  class space    used 18229K, committed 18880K, reserved 1048576K
}
Event: 7039.806 GC heap before
{Heap before GC invocations=128 (full 0):
 garbage-first heap   total 334848K, used 123986K [0x0000000080000000, 0x0000000100000000)
  region size 1024K, 9 young (9216K), 2 survivors (2048K)
 Metaspace       used 140018K, committed 141312K, reserved 1179648K
  class space    used 18229K, committed 18880K, reserved 1048576K
}

