# JRE version: OpenJDK Runtime Environment (17.0.6) (build 17.0.6+0-b2043.56-9586694)
# Java VM: OpenJDK 64-Bit Server VM (17.0.6+0-b2043.56-9586694, mixed mode, tiered, compressed oops, compressed class ptrs, g1 gc, windows-amd64)
GC Precious Log:
 CPUs: 4 total, 4 available
 Memory: 8057M
 Large Page Support: Disabled
 NUMA Support: Disabled
 Compressed Oops: Enabled (32-bit)
 Heap Region Size: 1M
 Heap Min Capacity: 8M
 Heap Initial Capacity: 126M
 Heap Max Capacity: 2G
 Pre-touch: Disabled
 Parallel Workers: 4
 Concurrent Workers: 1
 Concurrent Refinement Workers: 4
 Periodic GC: Disabled
Heap:
 garbage-first heap   total 540672K, used 236831K [0x0000000080000000, 0x0000000100000000)
  region size 1024K, 3 young (3072K), 3 survivors (3072K)
 Metaspace       used 143903K, committed 145088K, reserved 1179648K
  class space    used 19049K, committed 19648K, reserved 1048576K
GC Heap History (20 events):
Event: 4208.391 GC heap after
{Heap after GC invocations=75 (full 0):
 garbage-first heap   total 471040K, used 166188K [0x0000000080000000, 0x0000000100000000)
  region size 1024K, 3 young (3072K), 3 survivors (3072K)
 Metaspace       used 123004K, committed 124288K, reserved 1163264K
  class space    used 16678K, committed 17216K, reserved 1048576K
}
Event: 4208.648 GC heap before
{Heap before GC invocations=75 (full 0):
 garbage-first heap   total 471040K, used 176428K [0x0000000080000000, 0x0000000100000000)
  region size 1024K, 14 young (14336K), 3 survivors (3072K)
 Metaspace       used 123926K, committed 125184K, reserved 1163264K
  class space    used 16809K, committed 17344K, reserved 1048576K
}
Event: 4208.654 GC heap after
{Heap after GC invocations=76 (full 0):
 garbage-first heap   total 471040K, used 166834K [0x0000000080000000, 0x0000000100000000)
  region size 1024K, 4 young (4096K), 4 survivors (4096K)
 Metaspace       used 123926K, committed 125184K, reserved 1163264K
  class space    used 16809K, committed 17344K, reserved 1048576K
}
Event: 4212.447 GC heap before
{Heap before GC invocations=77 (full 0):
 garbage-first heap   total 471040K, used 394162K [0x0000000080000000, 0x0000000100000000)
  region size 1024K, 192 young (196608K), 4 survivors (4096K)
 Metaspace       used 134091K, committed 135296K, reserved 1171456K
  class space    used 18017K, committed 18560K, reserved 1048576K
}
Event: 4212.471 GC heap after
{Heap after GC invocations=78 (full 0):
 garbage-first heap   total 471040K, used 218959K [0x0000000080000000, 0x0000000100000000)
  region size 1024K, 21 young (21504K), 21 survivors (21504K)
 Metaspace       used 134091K, committed 135296K, reserved 1171456K
  class space    used 18017K, committed 18560K, reserved 1048576K
}
Event: 4212.485 GC heap before
{Heap before GC invocations=78 (full 0):
 garbage-first heap   total 471040K, used 219983K [0x0000000080000000, 0x0000000100000000)
  region size 1024K, 23 young (23552K), 21 survivors (21504K)
 Metaspace       used 134102K, committed 135360K, reserved 1171456K
  class space    used 18019K, committed 18560K, reserved 1048576K
}
Event: 4212.524 GC heap after
{Heap after GC invocations=79 (full 0):
 garbage-first heap   total 471040K, used 208145K [0x0000000080000000, 0x0000000100000000)
  region size 1024K, 2 young (2048K), 2 survivors (2048K)
 Metaspace       used 134102K, committed 135360K, reserved 1171456K
  class space    used 18019K, committed 18560K, reserved 1048576K
}
Event: 4628.848 GC heap before
{Heap before GC invocations=79 (full 0):
 garbage-first heap   total 471040K, used 368913K [0x0000000080000000, 0x0000000100000000)
  region size 1024K, 160 young (163840K), 2 survivors (2048K)
 Metaspace       used 137150K, committed 138560K, reserved 1171456K
  class space    used 18408K, committed 19072K, reserved 1048576K
}
Event: 4628.873 GC heap after
{Heap after GC invocations=80 (full 0):
 garbage-first heap   total 471040K, used 211852K [0x0000000080000000, 0x0000000100000000)
  region size 1024K, 6 young (6144K), 6 survivors (6144K)
 Metaspace       used 137150K, committed 138560K, reserved 1171456K
  class space    used 18408K, committed 19072K, reserved 1048576K
}
Event: 4631.277 GC heap before
{Heap before GC invocations=81 (full 0):
 garbage-first heap   total 471040K, used 378764K [0x0000000080000000, 0x0000000100000000)
  region size 1024K, 168 young (172032K), 6 survivors (6144K)
 Metaspace       used 139413K, committed 140480K, reserved 1171456K
  class space    used 18577K, committed 19072K, reserved 1048576K
}
Event: 4631.316 GC heap after
{Heap after GC invocations=82 (full 0):
 garbage-first heap   total 471040K, used 236400K [0x0000000080000000, 0x0000000100000000)
  region size 1024K, 21 young (21504K), 21 survivors (21504K)
 Metaspace       used 139413K, committed 140480K, reserved 1171456K
  class space    used 18577K, committed 19072K, reserved 1048576K
}
Event: 4631.331 GC heap before
{Heap before GC invocations=82 (full 0):
 garbage-first heap   total 471040K, used 238448K [0x0000000080000000, 0x0000000100000000)
  region size 1024K, 23 young (23552K), 21 survivors (21504K)
 Metaspace       used 139416K, committed 140480K, reserved 1171456K
  class space    used 18577K, committed 19072K, reserved 1048576K
}
Event: 4631.372 GC heap after
{Heap after GC invocations=83 (full 0):
 garbage-first heap   total 471040K, used 233984K [0x0000000080000000, 0x0000000100000000)
  region size 1024K, 2 young (2048K), 2 survivors (2048K)
 Metaspace       used 139416K, committed 140480K, reserved 1171456K
  class space    used 18577K, committed 19072K, reserved 1048576K
}
Event: 4631.602 GC heap before
{Heap before GC invocations=83 (full 0):
 garbage-first heap   total 471040K, used 252416K [0x0000000080000000, 0x0000000100000000)
  region size 1024K, 21 young (21504K), 2 survivors (2048K)
 Metaspace       used 139528K, committed 140672K, reserved 1171456K
  class space    used 18585K, committed 19136K, reserved 1048576K
}
Event: 4631.615 GC heap after
{Heap after GC invocations=84 (full 0):
 garbage-first heap   total 471040K, used 241568K [0x0000000080000000, 0x0000000100000000)
  region size 1024K, 9 young (9216K), 9 survivors (9216K)
 Metaspace       used 139528K, committed 140672K, reserved 1171456K
  class space    used 18585K, committed 19136K, reserved 1048576K
}
Event: 4639.828 GC heap before
{Heap before GC invocations=85 (full 0):
 garbage-first heap   total 471040K, used 384928K [0x0000000080000000, 0x0000000100000000)
  region size 1024K, 135 young (138240K), 9 survivors (9216K)
 Metaspace       used 143628K, committed 144768K, reserved 1179648K
  class space    used 19019K, committed 19584K, reserved 1048576K
}
Event: 4639.845 GC heap after
{Heap after GC invocations=86 (full 0):
 garbage-first heap   total 471040K, used 242026K [0x0000000080000000, 0x0000000100000000)
  region size 1024K, 10 young (10240K), 10 survivors (10240K)
 Metaspace       used 143628K, committed 144768K, reserved 1179648K
  class space    used 19019K, committed 19584K, reserved 1048576K
}
Event: 4640.127 GC heap before
{Heap before GC invocations=86 (full 0):
 garbage-first heap   total 471040K, used 254314K [0x0000000080000000, 0x0000000100000000)
  region size 1024K, 23 young (23552K), 10 survivors (10240K)
 Metaspace       used 143867K, committed 145024K, reserved 1179648K
  class space    used 19049K, committed 19648K, reserved 1048576K
}
Event: 4640.153 GC heap after
{Heap after GC invocations=87 (full 0):
 garbage-first heap   total 471040K, used 236973K [0x0000000080000000, 0x0000000100000000)
  region size 1024K, 3 young (3072K), 3 survivors (3072K)
 Metaspace       used 143867K, committed 145024K, reserved 1179648K
  class space    used 19049K, committed 19648K, reserved 1048576K
}
Event: 4640.180 GC heap before
{Heap before GC invocations=87 (full 0):
 garbage-first heap   total 471040K, used 237997K [0x0000000080000000, 0x0000000100000000)
  region size 1024K, 5 young (5120K), 3 survivors (3072K)
 Metaspace       used 143903K, committed 145088K, reserved 1179648K
  class space    used 19049K, committed 19648K, reserved 1048576K
}

